  AK47.cpp
C:\Users\kegor\source\repos\AK47\Perehod.h(19,21): warning C4018: <: несоответствие типов со знаком и без знака
C:\Users\kegor\source\repos\AK47\Perehod.h(37,33): warning C4101: e: неиспользованная локальная переменная
C:\Users\kegor\source\repos\AK47\Aftomat.h(45,21): warning C4018: <: несоответствие типов со знаком и без знака
C:\Users\kegor\source\repos\AK47\Aftomat.h(71,21): warning C4018: <: несоответствие типов со знаком и без знака
C:\Users\kegor\source\repos\AK47\Aftomat.h(95,22): warning C4018: <: несоответствие типов со знаком и без знака
C:\Users\kegor\source\repos\AK47\Aftomat.h(108,22): warning C4018: <: несоответствие типов со знаком и без знака
C:\Users\kegor\source\repos\AK47\Aftomat.h(126,18): warning C4018: <: несоответствие типов со знаком и без знака
C:\Users\kegor\source\repos\AK47\Aftomat.h(126,62): warning C4018: >=: несоответствие типов со знаком и без знака
C:\Users\kegor\source\repos\AK47\Aftomat.h(132,17): warning C4018: <: несоответствие типов со знаком и без знака
C:\Users\kegor\source\repos\AK47\Aftomat.h(146,18): warning C4018: <: несоответствие типов со знаком и без знака
C:\Users\kegor\source\repos\AK47\Aftomat.h(146,64): warning C4018: >=: несоответствие типов со знаком и без знака
C:\Users\kegor\source\repos\AK47\Aftomat.h(152,17): warning C4018: <: несоответствие типов со знаком и без знака
C:\Users\kegor\source\repos\AK47\Aftomat.h(167,21): warning C4018: <: несоответствие типов со знаком и без знака
C:\Users\kegor\source\repos\AK47\Aftomat.h(189,22): warning C4018: <: несоответствие типов со знаком и без знака
C:\Users\kegor\source\repos\AK47\Aftomat.h(200,22): warning C4018: <: несоответствие типов со знаком и без знака
C:\Users\kegor\source\repos\AK47\Aftomat.h(223,22): warning C4018: <: несоответствие типов со знаком и без знака
C:\Users\kegor\source\repos\AK47\Aftomat.h(253,21): warning C4018: <: несоответствие типов со знаком и без знака
C:\Users\kegor\source\repos\AK47\Aftomat.h(270,21): warning C4018: <: несоответствие типов со знаком и без знака
C:\Users\kegor\source\repos\AK47\Aftomat.h(274,16): warning C4018: <: несоответствие типов со знаком и без знака
C:\Users\kegor\source\repos\AK47\Aftomat.h(282,21): warning C4018: <: несоответствие типов со знаком и без знака
C:\Users\kegor\source\repos\AK47\Aftomat.h(297,21): warning C4018: <: несоответствие типов со знаком и без знака
C:\Users\kegor\source\repos\AK47\Aftomat.h(310,22): warning C4018: <: несоответствие типов со знаком и без знака
C:\Users\kegor\source\repos\AK47\Aftomat.h(322,21): warning C4018: <: несоответствие типов со знаком и без знака
C:\Users\kegor\source\repos\AK47\Aftomat.h(324,21): warning C4018: <: несоответствие типов со знаком и без знака
C:\Users\kegor\source\repos\AK47\Aftomat.h(327,23): warning C4018: <: несоответствие типов со знаком и без знака
C:\Users\kegor\source\repos\AK47\Aftomat.h(338,21): warning C4018: <: несоответствие типов со знаком и без знака
C:\Users\kegor\source\repos\AK47\Aftomat.h(342,22): warning C4018: <: несоответствие типов со знаком и без знака
C:\Users\kegor\source\repos\AK47\Aftomat.h(363,22): warning C4018: <: несоответствие типов со знаком и без знака
C:\Users\kegor\source\repos\AK47\Aftomat.h(372,12): warning C4018: <: несоответствие типов со знаком и без знака
C:\Users\kegor\source\repos\AK47\Aftomat.h(384,21): warning C4018: <: несоответствие типов со знаком и без знака
C:\Users\kegor\source\repos\AK47\Aftomat.h(446,22): warning C4018: <: несоответствие типов со знаком и без знака
C:\Users\kegor\source\repos\AK47\Aftomat.h(451,22): warning C4018: <: несоответствие типов со знаком и без знака
C:\Users\kegor\source\repos\AK47\Aftomat.h(455,32): warning C4018: <: несоответствие типов со знаком и без знака
C:\Users\kegor\source\repos\AK47\Aftomat.h(463,22): warning C4018: <: несоответствие типов со знаком и без знака
C:\Users\kegor\source\repos\AK47\Aftomat.h(467,32): warning C4018: <: несоответствие типов со знаком и без знака
C:\Users\kegor\source\repos\AK47\Aftomat.h(490,21): warning C4018: <: несоответствие типов со знаком и без знака
C:\Users\kegor\source\repos\AK47\Aftomat.h(499,22): warning C4018: <: несоответствие типов со знаком и без знака
C:\Users\kegor\source\repos\AK47\Aftomat.h(508,21): warning C4018: <: несоответствие типов со знаком и без знака
C:\Users\kegor\source\repos\AK47\Aftomat.h(516,21): warning C4018: <: несоответствие типов со знаком и без знака
C:\Users\kegor\source\repos\AK47\Aftomat.h(518,21): warning C4018: <: несоответствие типов со знаком и без знака
C:\Users\kegor\source\repos\AK47\Aftomat.h(529,22): warning C4018: <: несоответствие типов со знаком и без знака
C:\Users\kegor\source\repos\AK47\Aftomat.h(559,21): warning C4018: <: несоответствие типов со знаком и без знака
C:\Users\kegor\source\repos\AK47\Aftomat.h(569,21): warning C4018: <: несоответствие типов со знаком и без знака
C:\Users\kegor\source\repos\AK47\Aftomat.h(572,22): warning C4018: <: несоответствие типов со знаком и без знака
C:\Users\kegor\source\repos\AK47\Aftomat.h(585,21): warning C4018: <: несоответствие типов со знаком и без знака
C:\Users\kegor\source\repos\AK47\Aftomat.h(587,22): warning C4018: <: несоответствие типов со знаком и без знака
C:\Users\kegor\source\repos\AK47\Aftomat.h(604,21): warning C4018: <: несоответствие типов со знаком и без знака
C:\Users\kegor\source\repos\AK47\Aftomat.h(606,22): warning C4018: <: несоответствие типов со знаком и без знака
C:\Users\kegor\source\repos\AK47\Aftomat.h(641,21): warning C4018: <: несоответствие типов со знаком и без знака
C:\Users\kegor\source\repos\AK47\Aftomat.h(646,21): warning C4018: <: несоответствие типов со знаком и без знака
C:\Users\kegor\source\repos\AK47\Aftomat.h(648,22): warning C4018: <: несоответствие типов со знаком и без знака
C:\Users\kegor\source\repos\AK47\Aftomat.h(656,22): warning C4018: <: несоответствие типов со знаком и без знака
C:\Users\kegor\source\repos\AK47\Aftomat.h(659,32): warning C4018: <: несоответствие типов со знаком и без знака
C:\Users\kegor\source\repos\AK47\Aftomat.h(675,21): warning C4018: <: несоответствие типов со знаком и без знака
C:\Users\kegor\source\repos\AK47\Aftomat.h(680,21): warning C4018: <: несоответствие типов со знаком и без знака
C:\Users\kegor\source\repos\AK47\Aftomat.h(686,21): warning C4018: <: несоответствие типов со знаком и без знака
C:\Users\kegor\source\repos\AK47\Aftomat.h(694,21): warning C4018: <: несоответствие типов со знаком и без знака
C:\Users\kegor\source\repos\AK47\Aftomat.h(699,21): warning C4018: <: несоответствие типов со знаком и без знака
C:\Users\kegor\source\repos\AK47\Aftomat.h(703,21): warning C4018: <: несоответствие типов со знаком и без знака
C:\Users\kegor\source\repos\AK47\Aftomat.h(706,22): warning C4018: <: несоответствие типов со знаком и без знака
C:\Users\kegor\source\repos\AK47\Aftomat.h(795,21): warning C4018: <: несоответствие типов со знаком и без знака
C:\Users\kegor\source\repos\AK47\Aftomat.h(796,22): warning C4018: <: несоответствие типов со знаком и без знака
C:\Users\kegor\source\repos\AK47\Aftomat.h(807,21): warning C4018: <: несоответствие типов со знаком и без знака
C:\Users\kegor\source\repos\AK47\Aftomat.h(810,23): warning C4018: <: несоответствие типов со знаком и без знака
C:\Users\kegor\source\repos\AK47\Aftomat.h(826,21): warning C4018: <: несоответствие типов со знаком и без знака
C:\Users\kegor\source\repos\AK47\Aftomat.h(828,22): warning C4018: <: несоответствие типов со знаком и без знака
C:\Users\kegor\source\repos\AK47\Aftomat.h(834,22): warning C4018: <: несоответствие типов со знаком и без знака
  Aftomat.cpp
C:\Users\kegor\source\repos\AK47\Perehod.h(19,21): warning C4018: <: несоответствие типов со знаком и без знака
C:\Users\kegor\source\repos\AK47\Perehod.h(37,33): warning C4101: e: неиспользованная локальная переменная
C:\Users\kegor\source\repos\AK47\Aftomat.h(45,21): warning C4018: <: несоответствие типов со знаком и без знака
C:\Users\kegor\source\repos\AK47\Aftomat.h(71,21): warning C4018: <: несоответствие типов со знаком и без знака
C:\Users\kegor\source\repos\AK47\Aftomat.h(95,22): warning C4018: <: несоответствие типов со знаком и без знака
C:\Users\kegor\source\repos\AK47\Aftomat.h(108,22): warning C4018: <: несоответствие типов со знаком и без знака
C:\Users\kegor\source\repos\AK47\Aftomat.h(126,18): warning C4018: <: несоответствие типов со знаком и без знака
C:\Users\kegor\source\repos\AK47\Aftomat.h(126,62): warning C4018: >=: несоответствие типов со знаком и без знака
C:\Users\kegor\source\repos\AK47\Aftomat.h(132,17): warning C4018: <: несоответствие типов со знаком и без знака
C:\Users\kegor\source\repos\AK47\Aftomat.h(146,18): warning C4018: <: несоответствие типов со знаком и без знака
C:\Users\kegor\source\repos\AK47\Aftomat.h(146,64): warning C4018: >=: несоответствие типов со знаком и без знака
C:\Users\kegor\source\repos\AK47\Aftomat.h(152,17): warning C4018: <: несоответствие типов со знаком и без знака
C:\Users\kegor\source\repos\AK47\Aftomat.h(167,21): warning C4018: <: несоответствие типов со знаком и без знака
C:\Users\kegor\source\repos\AK47\Aftomat.h(189,22): warning C4018: <: несоответствие типов со знаком и без знака
C:\Users\kegor\source\repos\AK47\Aftomat.h(200,22): warning C4018: <: несоответствие типов со знаком и без знака
C:\Users\kegor\source\repos\AK47\Aftomat.h(223,22): warning C4018: <: несоответствие типов со знаком и без знака
C:\Users\kegor\source\repos\AK47\Aftomat.h(253,21): warning C4018: <: несоответствие типов со знаком и без знака
C:\Users\kegor\source\repos\AK47\Aftomat.h(270,21): warning C4018: <: несоответствие типов со знаком и без знака
C:\Users\kegor\source\repos\AK47\Aftomat.h(274,16): warning C4018: <: несоответствие типов со знаком и без знака
C:\Users\kegor\source\repos\AK47\Aftomat.h(282,21): warning C4018: <: несоответствие типов со знаком и без знака
C:\Users\kegor\source\repos\AK47\Aftomat.h(297,21): warning C4018: <: несоответствие типов со знаком и без знака
C:\Users\kegor\source\repos\AK47\Aftomat.h(310,22): warning C4018: <: несоответствие типов со знаком и без знака
C:\Users\kegor\source\repos\AK47\Aftomat.h(322,21): warning C4018: <: несоответствие типов со знаком и без знака
C:\Users\kegor\source\repos\AK47\Aftomat.h(324,21): warning C4018: <: несоответствие типов со знаком и без знака
C:\Users\kegor\source\repos\AK47\Aftomat.h(327,23): warning C4018: <: несоответствие типов со знаком и без знака
C:\Users\kegor\source\repos\AK47\Aftomat.h(338,21): warning C4018: <: несоответствие типов со знаком и без знака
C:\Users\kegor\source\repos\AK47\Aftomat.h(342,22): warning C4018: <: несоответствие типов со знаком и без знака
C:\Users\kegor\source\repos\AK47\Aftomat.h(363,22): warning C4018: <: несоответствие типов со знаком и без знака
C:\Users\kegor\source\repos\AK47\Aftomat.h(372,12): warning C4018: <: несоответствие типов со знаком и без знака
C:\Users\kegor\source\repos\AK47\Aftomat.h(384,21): warning C4018: <: несоответствие типов со знаком и без знака
C:\Users\kegor\source\repos\AK47\Aftomat.h(446,22): warning C4018: <: несоответствие типов со знаком и без знака
C:\Users\kegor\source\repos\AK47\Aftomat.h(451,22): warning C4018: <: несоответствие типов со знаком и без знака
C:\Users\kegor\source\repos\AK47\Aftomat.h(455,32): warning C4018: <: несоответствие типов со знаком и без знака
C:\Users\kegor\source\repos\AK47\Aftomat.h(463,22): warning C4018: <: несоответствие типов со знаком и без знака
C:\Users\kegor\source\repos\AK47\Aftomat.h(467,32): warning C4018: <: несоответствие типов со знаком и без знака
C:\Users\kegor\source\repos\AK47\Aftomat.h(490,21): warning C4018: <: несоответствие типов со знаком и без знака
C:\Users\kegor\source\repos\AK47\Aftomat.h(499,22): warning C4018: <: несоответствие типов со знаком и без знака
C:\Users\kegor\source\repos\AK47\Aftomat.h(508,21): warning C4018: <: несоответствие типов со знаком и без знака
C:\Users\kegor\source\repos\AK47\Aftomat.h(516,21): warning C4018: <: несоответствие типов со знаком и без знака
C:\Users\kegor\source\repos\AK47\Aftomat.h(518,21): warning C4018: <: несоответствие типов со знаком и без знака
C:\Users\kegor\source\repos\AK47\Aftomat.h(529,22): warning C4018: <: несоответствие типов со знаком и без знака
C:\Users\kegor\source\repos\AK47\Aftomat.h(559,21): warning C4018: <: несоответствие типов со знаком и без знака
C:\Users\kegor\source\repos\AK47\Aftomat.h(569,21): warning C4018: <: несоответствие типов со знаком и без знака
C:\Users\kegor\source\repos\AK47\Aftomat.h(572,22): warning C4018: <: несоответствие типов со знаком и без знака
C:\Users\kegor\source\repos\AK47\Aftomat.h(585,21): warning C4018: <: несоответствие типов со знаком и без знака
C:\Users\kegor\source\repos\AK47\Aftomat.h(587,22): warning C4018: <: несоответствие типов со знаком и без знака
C:\Users\kegor\source\repos\AK47\Aftomat.h(604,21): warning C4018: <: несоответствие типов со знаком и без знака
C:\Users\kegor\source\repos\AK47\Aftomat.h(606,22): warning C4018: <: несоответствие типов со знаком и без знака
C:\Users\kegor\source\repos\AK47\Aftomat.h(641,21): warning C4018: <: несоответствие типов со знаком и без знака
C:\Users\kegor\source\repos\AK47\Aftomat.h(646,21): warning C4018: <: несоответствие типов со знаком и без знака
C:\Users\kegor\source\repos\AK47\Aftomat.h(648,22): warning C4018: <: несоответствие типов со знаком и без знака
C:\Users\kegor\source\repos\AK47\Aftomat.h(656,22): warning C4018: <: несоответствие типов со знаком и без знака
C:\Users\kegor\source\repos\AK47\Aftomat.h(659,32): warning C4018: <: несоответствие типов со знаком и без знака
C:\Users\kegor\source\repos\AK47\Aftomat.h(675,21): warning C4018: <: несоответствие типов со знаком и без знака
C:\Users\kegor\source\repos\AK47\Aftomat.h(680,21): warning C4018: <: несоответствие типов со знаком и без знака
C:\Users\kegor\source\repos\AK47\Aftomat.h(686,21): warning C4018: <: несоответствие типов со знаком и без знака
C:\Users\kegor\source\repos\AK47\Aftomat.h(694,21): warning C4018: <: несоответствие типов со знаком и без знака
C:\Users\kegor\source\repos\AK47\Aftomat.h(699,21): warning C4018: <: несоответствие типов со знаком и без знака
C:\Users\kegor\source\repos\AK47\Aftomat.h(703,21): warning C4018: <: несоответствие типов со знаком и без знака
C:\Users\kegor\source\repos\AK47\Aftomat.h(706,22): warning C4018: <: несоответствие типов со знаком и без знака
C:\Users\kegor\source\repos\AK47\Aftomat.h(795,21): warning C4018: <: несоответствие типов со знаком и без знака
C:\Users\kegor\source\repos\AK47\Aftomat.h(796,22): warning C4018: <: несоответствие типов со знаком и без знака
C:\Users\kegor\source\repos\AK47\Aftomat.h(807,21): warning C4018: <: несоответствие типов со знаком и без знака
C:\Users\kegor\source\repos\AK47\Aftomat.h(810,23): warning C4018: <: несоответствие типов со знаком и без знака
C:\Users\kegor\source\repos\AK47\Aftomat.h(826,21): warning C4018: <: несоответствие типов со знаком и без знака
C:\Users\kegor\source\repos\AK47\Aftomat.h(828,22): warning C4018: <: несоответствие типов со знаком и без знака
C:\Users\kegor\source\repos\AK47\Aftomat.h(834,22): warning C4018: <: несоответствие типов со знаком и без знака
  Создание кода...
C:\Users\kegor\source\repos\AK47\Perehod.h(39): warning C4172: возвращение адреса локальной или временной переменной
C:\Users\kegor\source\repos\AK47\Perehod.h(47): warning C4172: возвращение адреса локальной или временной переменной
  AK47.vcxproj -> C:\Users\kegor\source\repos\AK47\Debug\AK47.exe
