This is pdfTeX, Version 3.141592653-2.6-1.40.23 (TeX Live 2021/W32TeX) (preloaded format=pdflatex 2022.3.30)  9 MAY 2022 20:20
entering extended mode
 restricted \write18 enabled.
 %&-line parsing enabled.
**document.tex
(./document.tex
LaTeX2e <2021-11-15> patch level 1
L3 programming layer <2022-02-24>
(c:/texlive/2021/texmf-dist/tex/latex/base/article.cls
Document Class: article 2021/10/04 v1.4n Standard LaTeX document class
(c:/texlive/2021/texmf-dist/tex/latex/base/size10.clo
File: size10.clo 2021/10/04 v1.4n Standard LaTeX file (size option)
)
\c@part=\count185
\c@section=\count186
\c@subsection=\count187
\c@subsubsection=\count188
\c@paragraph=\count189
\c@subparagraph=\count190
\c@figure=\count191
\c@table=\count192
\abovecaptionskip=\skip47
\belowcaptionskip=\skip48
\bibindent=\dimen138
)
(c:/texlive/2021/texmf-dist/tex/latex/base/inputenc.sty
Package: inputenc 2021/02/14 v1.3d Input encoding file
\inpenc@prehook=\toks16
\inpenc@posthook=\toks17
)
(c:/texlive/2021/texmf-dist/tex/generic/babel/babel.sty
Package: babel 2022/02/26 3.73 The Babel package
\babel@savecnt=\count193
\U@D=\dimen139
\l@unhyphenated=\language87

(c:/texlive/2021/texmf-dist/tex/generic/babel/txtbabel.def)
\bbl@readstream=\read2
\bbl@dirlevel=\count194

(c:/texlive/2021/texmf-dist/tex/generic/babel-english/english.ldf
Language: english 2017/06/06 v3.3r English support from the babel system
Package babel Info: Hyphen rules for 'canadian' set to \l@english
(babel)             (\language0). Reported on input line 102.
Package babel Info: Hyphen rules for 'australian' set to \l@ukenglish
(babel)             (\language21). Reported on input line 105.
Package babel Info: Hyphen rules for 'newzealand' set to \l@ukenglish
(babel)             (\language21). Reported on input line 108.
)
(c:/texlive/2021/texmf-dist/tex/generic/babel-russian/russianb.ldf
File: russianb.ldf 2021/01/10 1.3m Russian support for the Babel system
Language: russian 2020/09/09 1.3k Russian support for the Babel system


Package babel Warning: No Cyrillic font encoding has been loaded so far.
(babel)                A font encoding should be declared before babel.
(babel)                Default `T2A' encoding will be loaded  on input line 78.


(c:/texlive/2021/texmf-dist/tex/latex/cyrillic/t2aenc.def
File: t2aenc.def 2005/09/27 v1.0i Cyrillic encoding definition file
Now handling font encoding T2A ...
... processing UTF-8 mapping file for font encoding T2A

(c:/texlive/2021/texmf-dist/tex/latex/base/t2aenc.dfu
File: t2aenc.dfu 2021/06/21 v1.2n UTF-8 support
   defining Unicode char U+00A4 (decimal 164)
   defining Unicode char U+00A7 (decimal 167)
   defining Unicode char U+00AB (decimal 171)
   defining Unicode char U+00BB (decimal 187)
   defining Unicode char U+0131 (decimal 305)
   defining Unicode char U+0237 (decimal 567)
   defining Unicode char U+0400 (decimal 1024)
   defining Unicode char U+0401 (decimal 1025)
   defining Unicode char U+0402 (decimal 1026)
   defining Unicode char U+0403 (decimal 1027)
   defining Unicode char U+0404 (decimal 1028)
   defining Unicode char U+0405 (decimal 1029)
   defining Unicode char U+0406 (decimal 1030)
   defining Unicode char U+0407 (decimal 1031)
   defining Unicode char U+0408 (decimal 1032)
   defining Unicode char U+0409 (decimal 1033)
   defining Unicode char U+040A (decimal 1034)
   defining Unicode char U+040B (decimal 1035)
   defining Unicode char U+040C (decimal 1036)
   defining Unicode char U+040D (decimal 1037)
   defining Unicode char U+040E (decimal 1038)
   defining Unicode char U+040F (decimal 1039)
   defining Unicode char U+0410 (decimal 1040)
   defining Unicode char U+0411 (decimal 1041)
   defining Unicode char U+0412 (decimal 1042)
   defining Unicode char U+0413 (decimal 1043)
   defining Unicode char U+0414 (decimal 1044)
   defining Unicode char U+0415 (decimal 1045)
   defining Unicode char U+0416 (decimal 1046)
   defining Unicode char U+0417 (decimal 1047)
   defining Unicode char U+0418 (decimal 1048)
   defining Unicode char U+0419 (decimal 1049)
   defining Unicode char U+041A (decimal 1050)
   defining Unicode char U+041B (decimal 1051)
   defining Unicode char U+041C (decimal 1052)
   defining Unicode char U+041D (decimal 1053)
   defining Unicode char U+041E (decimal 1054)
   defining Unicode char U+041F (decimal 1055)
   defining Unicode char U+0420 (decimal 1056)
   defining Unicode char U+0421 (decimal 1057)
   defining Unicode char U+0422 (decimal 1058)
   defining Unicode char U+0423 (decimal 1059)
   defining Unicode char U+0424 (decimal 1060)
   defining Unicode char U+0425 (decimal 1061)
   defining Unicode char U+0426 (decimal 1062)
   defining Unicode char U+0427 (decimal 1063)
   defining Unicode char U+0428 (decimal 1064)
   defining Unicode char U+0429 (decimal 1065)
   defining Unicode char U+042A (decimal 1066)
   defining Unicode char U+042B (decimal 1067)
   defining Unicode char U+042C (decimal 1068)
   defining Unicode char U+042D (decimal 1069)
   defining Unicode char U+042E (decimal 1070)
   defining Unicode char U+042F (decimal 1071)
   defining Unicode char U+0430 (decimal 1072)
   defining Unicode char U+0431 (decimal 1073)
   defining Unicode char U+0432 (decimal 1074)
   defining Unicode char U+0433 (decimal 1075)
   defining Unicode char U+0434 (decimal 1076)
   defining Unicode char U+0435 (decimal 1077)
   defining Unicode char U+0436 (decimal 1078)
   defining Unicode char U+0437 (decimal 1079)
   defining Unicode char U+0438 (decimal 1080)
   defining Unicode char U+0439 (decimal 1081)
   defining Unicode char U+043A (decimal 1082)
   defining Unicode char U+043B (decimal 1083)
   defining Unicode char U+043C (decimal 1084)
   defining Unicode char U+043D (decimal 1085)
   defining Unicode char U+043E (decimal 1086)
   defining Unicode char U+043F (decimal 1087)
   defining Unicode char U+0440 (decimal 1088)
   defining Unicode char U+0441 (decimal 1089)
   defining Unicode char U+0442 (decimal 1090)
   defining Unicode char U+0443 (decimal 1091)
   defining Unicode char U+0444 (decimal 1092)
   defining Unicode char U+0445 (decimal 1093)
   defining Unicode char U+0446 (decimal 1094)
   defining Unicode char U+0447 (decimal 1095)
   defining Unicode char U+0448 (decimal 1096)
   defining Unicode char U+0449 (decimal 1097)
   defining Unicode char U+044A (decimal 1098)
   defining Unicode char U+044B (decimal 1099)
   defining Unicode char U+044C (decimal 1100)
   defining Unicode char U+044D (decimal 1101)
   defining Unicode char U+044E (decimal 1102)
   defining Unicode char U+044F (decimal 1103)
   defining Unicode char U+0450 (decimal 1104)
   defining Unicode char U+0451 (decimal 1105)
   defining Unicode char U+0452 (decimal 1106)
   defining Unicode char U+0453 (decimal 1107)
   defining Unicode char U+0454 (decimal 1108)
   defining Unicode char U+0455 (decimal 1109)
   defining Unicode char U+0456 (decimal 1110)
   defining Unicode char U+0457 (decimal 1111)
   defining Unicode char U+0458 (decimal 1112)
   defining Unicode char U+0459 (decimal 1113)
   defining Unicode char U+045A (decimal 1114)
   defining Unicode char U+045B (decimal 1115)
   defining Unicode char U+045C (decimal 1116)
   defining Unicode char U+045D (decimal 1117)
   defining Unicode char U+045E (decimal 1118)
   defining Unicode char U+045F (decimal 1119)
   defining Unicode char U+0490 (decimal 1168)
   defining Unicode char U+0491 (decimal 1169)
   defining Unicode char U+0492 (decimal 1170)
   defining Unicode char U+0493 (decimal 1171)
   defining Unicode char U+0496 (decimal 1174)
   defining Unicode char U+0497 (decimal 1175)
   defining Unicode char U+0498 (decimal 1176)
   defining Unicode char U+0499 (decimal 1177)
   defining Unicode char U+049A (decimal 1178)
   defining Unicode char U+049B (decimal 1179)
   defining Unicode char U+049C (decimal 1180)
   defining Unicode char U+049D (decimal 1181)
   defining Unicode char U+04A0 (decimal 1184)
   defining Unicode char U+04A1 (decimal 1185)
   defining Unicode char U+04A2 (decimal 1186)
   defining Unicode char U+04A3 (decimal 1187)
   defining Unicode char U+04A4 (decimal 1188)
   defining Unicode char U+04A5 (decimal 1189)
   defining Unicode char U+04AA (decimal 1194)
   defining Unicode char U+04AB (decimal 1195)
   defining Unicode char U+04AE (decimal 1198)
   defining Unicode char U+04AF (decimal 1199)
   defining Unicode char U+04B0 (decimal 1200)
   defining Unicode char U+04B1 (decimal 1201)
   defining Unicode char U+04B2 (decimal 1202)
   defining Unicode char U+04B3 (decimal 1203)
   defining Unicode char U+04B6 (decimal 1206)
   defining Unicode char U+04B7 (decimal 1207)
   defining Unicode char U+04B8 (decimal 1208)
   defining Unicode char U+04B9 (decimal 1209)
   defining Unicode char U+04BA (decimal 1210)
   defining Unicode char U+04BB (decimal 1211)
   defining Unicode char U+04C0 (decimal 1216)
   defining Unicode char U+04C1 (decimal 1217)
   defining Unicode char U+04C2 (decimal 1218)
   defining Unicode char U+04D0 (decimal 1232)
   defining Unicode char U+04D1 (decimal 1233)
   defining Unicode char U+04D2 (decimal 1234)
   defining Unicode char U+04D3 (decimal 1235)
   defining Unicode char U+04D4 (decimal 1236)
   defining Unicode char U+04D5 (decimal 1237)
   defining Unicode char U+04D6 (decimal 1238)
   defining Unicode char U+04D7 (decimal 1239)
   defining Unicode char U+04D8 (decimal 1240)
   defining Unicode char U+04D9 (decimal 1241)
   defining Unicode char U+04DA (decimal 1242)
   defining Unicode char U+04DB (decimal 1243)
   defining Unicode char U+04DC (decimal 1244)
   defining Unicode char U+04DD (decimal 1245)
   defining Unicode char U+04DE (decimal 1246)
   defining Unicode char U+04DF (decimal 1247)
   defining Unicode char U+04E2 (decimal 1250)
   defining Unicode char U+04E3 (decimal 1251)
   defining Unicode char U+04E4 (decimal 1252)
   defining Unicode char U+04E5 (decimal 1253)
   defining Unicode char U+04E6 (decimal 1254)
   defining Unicode char U+04E7 (decimal 1255)
   defining Unicode char U+04E8 (decimal 1256)
   defining Unicode char U+04E9 (decimal 1257)
   defining Unicode char U+04EC (decimal 1260)
   defining Unicode char U+04ED (decimal 1261)
   defining Unicode char U+04EE (decimal 1262)
   defining Unicode char U+04EF (decimal 1263)
   defining Unicode char U+04F0 (decimal 1264)
   defining Unicode char U+04F1 (decimal 1265)
   defining Unicode char U+04F2 (decimal 1266)
   defining Unicode char U+04F3 (decimal 1267)
   defining Unicode char U+04F4 (decimal 1268)
   defining Unicode char U+04F5 (decimal 1269)
   defining Unicode char U+04F8 (decimal 1272)
   defining Unicode char U+04F9 (decimal 1273)
   defining Unicode char U+200C (decimal 8204)
   defining Unicode char U+2013 (decimal 8211)
   defining Unicode char U+2014 (decimal 8212)
   defining Unicode char U+2018 (decimal 8216)
   defining Unicode char U+2019 (decimal 8217)
   defining Unicode char U+201C (decimal 8220)
   defining Unicode char U+201D (decimal 8221)
   defining Unicode char U+201E (decimal 8222)
   defining Unicode char U+2030 (decimal 8240)
   defining Unicode char U+2031 (decimal 8241)
   defining Unicode char U+2116 (decimal 8470)
   defining Unicode char U+2329 (decimal 9001)
   defining Unicode char U+232A (decimal 9002)
   defining Unicode char U+2423 (decimal 9251)
   defining Unicode char U+27E8 (decimal 10216)
   defining Unicode char U+27E9 (decimal 10217)
   defining Unicode char U+FB00 (decimal 64256)
   defining Unicode char U+FB01 (decimal 64257)
   defining Unicode char U+FB02 (decimal 64258)
   defining Unicode char U+FB03 (decimal 64259)
   defining Unicode char U+FB04 (decimal 64260)
   defining Unicode char U+FB05 (decimal 64261)
   defining Unicode char U+FB06 (decimal 64262)
))
Package babel Info: Making " an active character on input line 124.
Package babel Info: Default for \cyrdash is provided on input line 163.
))
(c:/texlive/2021/texmf-dist/tex/latex/amsmath/amsmath.sty
Package: amsmath 2021/10/15 v2.17l AMS math features
\@mathmargin=\skip49

For additional information on amsmath, use the `?' option.
(c:/texlive/2021/texmf-dist/tex/latex/amsmath/amstext.sty
Package: amstext 2021/08/26 v2.01 AMS text

(c:/texlive/2021/texmf-dist/tex/latex/amsmath/amsgen.sty
File: amsgen.sty 1999/11/30 v2.0 generic functions
\@emptytoks=\toks18
\ex@=\dimen140
))
(c:/texlive/2021/texmf-dist/tex/latex/amsmath/amsbsy.sty
Package: amsbsy 1999/11/29 v1.2d Bold Symbols
\pmbraise@=\dimen141
)
(c:/texlive/2021/texmf-dist/tex/latex/amsmath/amsopn.sty
Package: amsopn 2021/08/26 v2.02 operator names
)
\inf@bad=\count195
LaTeX Info: Redefining \frac on input line 234.
\uproot@=\count196
\leftroot@=\count197
LaTeX Info: Redefining \overline on input line 399.
\classnum@=\count198
\DOTSCASE@=\count199
LaTeX Info: Redefining \ldots on input line 496.
LaTeX Info: Redefining \dots on input line 499.
LaTeX Info: Redefining \cdots on input line 620.
\Mathstrutbox@=\box50
\strutbox@=\box51
\big@size=\dimen142
LaTeX Font Info:    Redeclaring font encoding OML on input line 743.
LaTeX Font Info:    Redeclaring font encoding OMS on input line 744.
\macc@depth=\count266
\c@MaxMatrixCols=\count267
\dotsspace@=\muskip16
\c@parentequation=\count268
\dspbrk@lvl=\count269
\tag@help=\toks19
\row@=\count270
\column@=\count271
\maxfields@=\count272
\andhelp@=\toks20
\eqnshift@=\dimen143
\alignsep@=\dimen144
\tagshift@=\dimen145
\tagwidth@=\dimen146
\totwidth@=\dimen147
\lineht@=\dimen148
\@envbody=\toks21
\multlinegap=\skip50
\multlinetaggap=\skip51
\mathdisplay@stack=\toks22
LaTeX Info: Redefining \[ on input line 2938.
LaTeX Info: Redefining \] on input line 2939.
)
(c:/texlive/2021/texmf-dist/tex/latex/graphics/graphicx.sty
Package: graphicx 2021/09/16 v1.2d Enhanced LaTeX Graphics (DPC,SPQR)

(c:/texlive/2021/texmf-dist/tex/latex/graphics/keyval.sty
Package: keyval 2014/10/28 v1.15 key=value parser (DPC)
\KV@toks@=\toks23
)
(c:/texlive/2021/texmf-dist/tex/latex/graphics/graphics.sty
Package: graphics 2021/03/04 v1.4d Standard LaTeX Graphics (DPC,SPQR)

(c:/texlive/2021/texmf-dist/tex/latex/graphics/trig.sty
Package: trig 2021/08/11 v1.11 sin cos tan (DPC)
)
(c:/texlive/2021/texmf-dist/tex/latex/graphics-cfg/graphics.cfg
File: graphics.cfg 2016/06/04 v1.11 sample graphics configuration
)
Package graphics Info: Driver file: pdftex.def on input line 107.

(c:/texlive/2021/texmf-dist/tex/latex/graphics-def/pdftex.def
File: pdftex.def 2020/10/05 v1.2a Graphics/color driver for pdftex
))
\Gin@req@height=\dimen149
\Gin@req@width=\dimen150
)
(c:/texlive/2021/texmf-dist/tex/latex/enumitem/enumitem.sty
Package: enumitem 2019/06/20 v3.9 Customized lists
\labelindent=\skip52
\enit@outerparindent=\dimen151
\enit@toks=\toks24
\enit@inbox=\box52
\enit@count@id=\count273
\enitdp@description=\count274
)
(c:/texlive/2021/texmf-dist/tex/latex/graphviz/graphviz.sty
Package: graphviz 2013/08/15 v0.94 .dtx graphviz file
)
(c:/texlive/2021/texmf-dist/tex/latex/morewrites/morewrites.sty
(c:/texlive/2021/texmf-dist/tex/latex/l3kernel/expl3.sty
Package: expl3 2022-02-24 L3 programming layer (loader) 

(c:/texlive/2021/texmf-dist/tex/latex/l3backend/l3backend-pdftex.def
File: l3backend-pdftex.def 2022-02-07 L3 backend support: PDF output (pdfTeX)
\l__color_backend_stack_int=\count275
\l__pdf_internal_box=\box53
))
(c:/texlive/2021/texmf-dist/tex/latex/morewrites/primargs.sty
Package: primargs 2018/12/29 Parsing arguments of primitives
)
Package: morewrites 2018/12/29 Always room for a new write
\g__morewrites_later_int=\count276
\l__morewrites_user_int=\count277
\g__morewrites_iow=\write3
\g__morewrites_ior=\read3
\g__morewrites_group_level_int=\count278
\g__morewrites_shipout_box=\box54
\l__morewrites_collect_next_int=\count279
\g__morewrites_alloc_write_int=\count280
) (./document.aux
LaTeX Font Info:    Trying to load font information for T2A+cmr on input line 5
.
(c:/texlive/2021/texmf-dist/tex/latex/cyrillic/t2acmr.fd
File: t2acmr.fd 2001/08/11 v1.0a Computer Modern Cyrillic font definitions
))
\openout1 = `document.aux'.

LaTeX Font Info:    Checking defaults for OML/cmm/m/it on input line 12.
LaTeX Font Info:    ... okay on input line 12.
LaTeX Font Info:    Checking defaults for OMS/cmsy/m/n on input line 12.
LaTeX Font Info:    ... okay on input line 12.
LaTeX Font Info:    Checking defaults for OT1/cmr/m/n on input line 12.
LaTeX Font Info:    ... okay on input line 12.
LaTeX Font Info:    Checking defaults for T1/cmr/m/n on input line 12.
LaTeX Font Info:    ... okay on input line 12.
LaTeX Font Info:    Checking defaults for TS1/cmr/m/n on input line 12.
LaTeX Font Info:    ... okay on input line 12.
LaTeX Font Info:    Checking defaults for OMX/cmex/m/n on input line 12.
LaTeX Font Info:    ... okay on input line 12.
LaTeX Font Info:    Checking defaults for U/cmr/m/n on input line 12.
LaTeX Font Info:    ... okay on input line 12.
LaTeX Font Info:    Checking defaults for T2A/cmr/m/n on input line 12.
LaTeX Font Info:    ... okay on input line 12.
LaTeX Info: Redefining \th on input line 12.

(c:/texlive/2021/texmf-dist/tex/context/base/mkii/supp-pdf.mkii
[Loading MPS to PDF converter (version 2006.09.02).]
\scratchcounter=\count281
\scratchdimen=\dimen152
\scratchbox=\box55
\nofMPsegments=\count282
\nofMParguments=\count283
\everyMPshowfont=\toks25
\MPscratchCnt=\count284
\MPscratchDim=\dimen153
\MPnumerator=\count285
\makeMPintoPDFobject=\count286
\everyMPtoPDFconversion=\toks26
) (c:/texlive/2021/texmf-dist/tex/latex/epstopdf-pkg/epstopdf-base.sty
Package: epstopdf-base 2020-01-24 v2.11 Base part for package epstopdf
Package epstopdf-base Info: Redefining graphics rule for `.eps' on input line 4
85.

(c:/texlive/2021/texmf-dist/tex/latex/latexconfig/epstopdf-sys.cfg
File: epstopdf-sys.cfg 2010/07/13 v1.3 Configuration of (r)epstopdf for TeX Liv
e
))
runsystem(dot -Tpdf -o 1.1.pdf 1.1.dot)...disabled (restricted).

<1.1.pdf, id=1, 243.91125pt x 114.4275pt>
File: 1.1.pdf Graphic file (type pdf)
<use 1.1.pdf>
Package pdftex.def Info: 1.1.pdf  used on input line 17.
(pdftex.def)             Requested size: 243.91064pt x 114.42722pt.
\dotfile=\write19
\openout3 = `1.1.dot'.

\openout3 = `document.mw'.

\openout3 = `document.mw'.

\openout3 = `1.1.dot'.

runsystem(dot -Tpdf -o 1.2.pdf 1.2.dot)...disabled (restricted).

<1.2.pdf, id=2, 390.45876pt x 183.68625pt>
File: 1.2.pdf Graphic file (type pdf)
<use 1.2.pdf>
Package pdftex.def Info: 1.2.pdf  used on input line 18.
(pdftex.def)             Requested size: 390.4578pt x 183.68578pt.
\dotfile=\write20
\openout3 = `1.2.dot'.

\openout3 = `document.mw'.

\openout3 = `document.mw'.

\openout3 = `1.2.dot'.


Overfull \hbox (92.45782pt too wide) in paragraph at lines 18--19
[] 
 []


LaTeX Warning: Command \cyro invalid in math mode on input line 23.


LaTeX Warning: Command \cyrn invalid in math mode on input line 23.


LaTeX Warning: Command \cyro invalid in math mode on input line 23.

Missing character: There is no о in font cmr10!
Missing character: There is no н in font cmr10!
Missing character: There is no о in font cmr10!

Underfull \hbox (badness 10000) in paragraph at lines 19--25

 []

runsystem(dot -Tpdf -o 1.4.pdf 1.4.dot)...disabled (restricted).

<1.4.pdf, id=3, 158.5925pt x 81.30376pt>
File: 1.4.pdf Graphic file (type pdf)
<use 1.4.pdf>
Package pdftex.def Info: 1.4.pdf  used on input line 27.
(pdftex.def)             Requested size: 158.59209pt x 81.30354pt.
\dotfile=\write21
\openout3 = `1.4.dot'.

\openout3 = `document.mw'.

\openout3 = `document.mw'.

\openout3 = `1.4.dot'.

\openout3 = `document.mw'.

[1

{c:/texlive/2021/texmf-var/fonts/map/pdftex/updmap/pdftex.map} <./1.1.pdf> <./1
.2.pdf

pdfTeX warning: pdflatex.exe (file ./1.2.pdf): PDF inclusion: multiple pdfs wit
h page group included in a single page
>] (./document.mw)
\openout3 = `document.mw'.


Overfull \hbox (6.298pt too wide) in paragraph at lines 29--30
[]\T2A/cmr/m/n/14.4 Построить ко-неч-ный ав-то-мат ис-поль-зуя пря-мое про-
 []


Underfull \hbox (badness 10000) in paragraph at lines 31--35

 []


Underfull \hbox (badness 10000) in paragraph at lines 31--35

 []


Underfull \hbox (badness 10000) in paragraph at lines 35--36

 []


Underfull \hbox (badness 10000) in paragraph at lines 36--37

 []


Underfull \hbox (badness 10000) in paragraph at lines 37--38

 []


Underfull \hbox (badness 10000) in paragraph at lines 38--39

 []

runsystem(dot -Tpdf -o 2.1(a).pdf 2.1(a).dot)...disabled (restricted).

<2.1(a).pdf, id=35, 330.23375pt x 114.4275pt>
File: 2.1(a).pdf Graphic file (type pdf)
<use 2.1(a).pdf>
Package pdftex.def Info: 2.1(a).pdf  used on input line 40.
(pdftex.def)             Requested size: 330.23293pt x 114.42722pt.
\dotfile=\write22
\openout3 = `2.1(a).dot'.

\openout3 = `document.mw'.

\openout3 = `document.mw'.

\openout3 = `2.1(a).dot'.


Overfull \hbox (50.93292pt too wide) in paragraph at lines 39--41
[]
 []


Underfull \hbox (badness 10000) in paragraph at lines 39--41

 []


Underfull \hbox (badness 10000) in paragraph at lines 42--44

 []


Underfull \hbox (badness 10000) in paragraph at lines 44--45

 []


Underfull \hbox (badness 10000) in paragraph at lines 45--46

 []


Underfull \hbox (badness 10000) in paragraph at lines 46--47

 []


Underfull \hbox (badness 10000) in paragraph at lines 47--48

 []

runsystem(dot -Tpdf -o 2.1(b).pdf 2.1(b).dot)...disabled (restricted).

<2.1(b).pdf, id=36, 328.22626pt x 114.4275pt>
File: 2.1(b).pdf Graphic file (type pdf)
<use 2.1(b).pdf>
Package pdftex.def Info: 2.1(b).pdf  used on input line 49.
(pdftex.def)             Requested size: 328.22545pt x 114.42722pt.
\dotfile=\write23
\openout3 = `2.1(b).dot'.

\openout3 = `document.mw'.

\openout3 = `document.mw'.

\openout3 = `2.1(b).dot'.


Overfull \hbox (48.92545pt too wide) in paragraph at lines 48--50
[]
 []


Underfull \hbox (badness 10000) in paragraph at lines 48--50

 []

\openout3 = `document.mw'.

[2 <./1.4.pdf> <./2.1(a).pdf

pdfTeX warning: pdflatex.exe (file ./2.1(a).pdf): PDF inclusion: multiple pdfs 
with page group included in a single page
>] (./document.mw)
\openout3 = `document.mw'.


Underfull \hbox (badness 10000) in paragraph at lines 53--54

 []


Overfull \hbox (64.44226pt too wide) in paragraph at lines 54--55
[]$\OML/cmm/m/it/10 Q \OT1/cmr/m/n/10 = \OMS/cmsy/m/n/10 fh\OML/cmm/m/it/10 a[]
; b[]\OMS/cmsy/m/n/10 i\OML/cmm/m/it/10 ; \OMS/cmsy/m/n/10 h\OML/cmm/m/it/10 a[
]; b[]\OMS/cmsy/m/n/10 i\OML/cmm/m/it/10 ; \OMS/cmsy/m/n/10 h\OML/cmm/m/it/10 a
[]; b[]\OMS/cmsy/m/n/10 i\OML/cmm/m/it/10 ; \OMS/cmsy/m/n/10 h\OML/cmm/m/it/10 
a[]; b[]\OMS/cmsy/m/n/10 i\OML/cmm/m/it/10 ; \OMS/cmsy/m/n/10 h\OML/cmm/m/it/10
 a[]; b[]\OMS/cmsy/m/n/10 i\OML/cmm/m/it/10 ; \OMS/cmsy/m/n/10 h\OML/cmm/m/it/1
0 a[]; b[]\OMS/cmsy/m/n/10 i\OML/cmm/m/it/10 ; \OMS/cmsy/m/n/10 h\OML/cmm/m/it/
10 a[]; b[]\OMS/cmsy/m/n/10 i\OML/cmm/m/it/10 ; \OMS/cmsy/m/n/10 h\OML/cmm/m/it
/10 a[]; b[]\OMS/cmsy/m/n/10 i\OML/cmm/m/it/10 ; \OMS/cmsy/m/n/10 h\OML/cmm/m/i
t/10 a[]; b[]\OMS/cmsy/m/n/10 ig$ 
 []


Underfull \hbox (badness 10000) in paragraph at lines 54--55

 []


Underfull \hbox (badness 10000) in paragraph at lines 55--56

 []


Underfull \hbox (badness 10000) in paragraph at lines 56--57

 []


Underfull \hbox (badness 10000) in paragraph at lines 57--73

 []

runsystem(dot -Tpdf -o 2.1(c).pdf 2.1(c).dot)...disabled (restricted).

<2.1(c).pdf, id=59, 390.45876pt x 219.82124pt>
File: 2.1(c).pdf Graphic file (type pdf)
<use 2.1(c).pdf>
Package pdftex.def Info: 2.1(c).pdf  used on input line 74.
(pdftex.def)             Requested size: 390.4578pt x 219.8207pt.
\dotfile=\write24
\openout3 = `2.1(c).dot'.

\openout3 = `document.mw'.

\openout3 = `document.mw'.

\openout3 = `2.1(c).dot'.


Overfull \hbox (92.45782pt too wide) in paragraph at lines 74--75
[] 
 []

\openout3 = `document.mw'.

[3 <./2.1(b).pdf>] (./document.mw)
\openout3 = `document.mw'.


Underfull \hbox (badness 10000) in paragraph at lines 75--79

 []


Underfull \hbox (badness 10000) in paragraph at lines 75--79

 []


Underfull \hbox (badness 10000) in paragraph at lines 79--80

 []


Underfull \hbox (badness 10000) in paragraph at lines 80--81

 []


Underfull \hbox (badness 10000) in paragraph at lines 81--82

 []


Underfull \hbox (badness 10000) in paragraph at lines 82--83

 []

runsystem(dot -Tpdf -o 2.2(a).pdf 2.2(a).dot)...disabled (restricted).

<2.2(a).pdf, id=71, 390.45876pt x 103.38625pt>
File: 2.2(a).pdf Graphic file (type pdf)
<use 2.2(a).pdf>
Package pdftex.def Info: 2.2(a).pdf  used on input line 84.
(pdftex.def)             Requested size: 390.4578pt x 103.38599pt.
\dotfile=\write25
\openout3 = `2.2(a).dot'.

\openout3 = `document.mw'.

\openout3 = `document.mw'.

\openout3 = `2.2(a).dot'.


Overfull \hbox (111.15779pt too wide) in paragraph at lines 83--85
[]
 []


Underfull \hbox (badness 10000) in paragraph at lines 83--85

 []


Underfull \hbox (badness 10000) in paragraph at lines 86--88

 []


Underfull \hbox (badness 10000) in paragraph at lines 88--89

 []

\openout3 = `document.mw'.

[4 <./2.1(c).pdf> <./2.2(a).pdf

pdfTeX warning: pdflatex.exe (file ./2.2(a).pdf): PDF inclusion: multiple pdfs 
with page group included in a single page
>] (./document.mw)
\openout3 = `document.mw'.


Underfull \hbox (badness 10000) in paragraph at lines 89--90

 []


Underfull \hbox (badness 10000) in paragraph at lines 90--91

 []


Underfull \hbox (badness 10000) in paragraph at lines 91--92

 []

runsystem(dot -Tpdf -o 2.2(b).pdf 2.2(b).dot)...disabled (restricted).

<2.2(b).pdf, id=90, 176.66pt x 145.54375pt>
File: 2.2(b).pdf Graphic file (type pdf)
<use 2.2(b).pdf>
Package pdftex.def Info: 2.2(b).pdf  used on input line 93.
(pdftex.def)             Requested size: 176.65956pt x 145.54338pt.
\dotfile=\write26
\openout3 = `2.2(b).dot'.

\openout3 = `document.mw'.

\openout3 = `document.mw'.

\openout3 = `2.2(b).dot'.


Underfull \hbox (badness 10000) in paragraph at lines 97--98

 []


Overfull \hbox (26.44804pt too wide) in paragraph at lines 98--99
[]$\OML/cmm/m/it/10 Q \OT1/cmr/m/n/10 = \OMS/cmsy/m/n/10 fh\OML/cmm/m/it/10 a[]
; b[]\OMS/cmsy/m/n/10 i\OML/cmm/m/it/10 ; \OMS/cmsy/m/n/10 h\OML/cmm/m/it/10 a[
]; b[]\OMS/cmsy/m/n/10 i\OML/cmm/m/it/10 ; \OMS/cmsy/m/n/10 h\OML/cmm/m/it/10 a
[]; b[]\OMS/cmsy/m/n/10 i\OML/cmm/m/it/10 ; \OMS/cmsy/m/n/10 h\OML/cmm/m/it/10 
a[]; b[]\OMS/cmsy/m/n/10 i\OML/cmm/m/it/10 ; \OMS/cmsy/m/n/10 h\OML/cmm/m/it/10
 a[]; b[]\OMS/cmsy/m/n/10 i\OML/cmm/m/it/10 ; \OMS/cmsy/m/n/10 h\OML/cmm/m/it/1
0 a[]; b[]\OMS/cmsy/m/n/10 i\OML/cmm/m/it/10 ; \OMS/cmsy/m/n/10 h\OML/cmm/m/it/
10 a[]; b[]\OMS/cmsy/m/n/10 i h\OML/cmm/m/it/10 a[]; b[]\OMS/cmsy/m/n/10 ig$ 
 []


Underfull \hbox (badness 10000) in paragraph at lines 98--99

 []


Underfull \hbox (badness 10000) in paragraph at lines 99--100

 []


Underfull \hbox (badness 10000) in paragraph at lines 100--101

 []


Underfull \hbox (badness 10000) in paragraph at lines 101--113

 []

runsystem(dot -Tpdf -o 2.2(c).pdf 2.2(c).dot)...disabled (restricted).

<2.2(c).pdf, id=91, 390.45876pt x 70.2625pt>
File: 2.2(c).pdf Graphic file (type pdf)
<use 2.2(c).pdf>
Package pdftex.def Info: 2.2(c).pdf  used on input line 114.
(pdftex.def)             Requested size: 390.4578pt x 70.26231pt.
\dotfile=\write27
\openout3 = `2.2(c).dot'.

\openout3 = `document.mw'.

\openout3 = `document.mw'.

\openout3 = `2.2(c).dot'.


Overfull \hbox (92.45782pt too wide) in paragraph at lines 114--115
[] 
 []


Underfull \hbox (badness 10000) in paragraph at lines 115--119

 []


Underfull \hbox (badness 10000) in paragraph at lines 115--119

 []

\openout3 = `document.mw'.

[5 <./2.2(b).pdf> <./2.2(c).pdf

pdfTeX warning: pdflatex.exe (file ./2.2(c).pdf): PDF inclusion: multiple pdfs 
with page group included in a single page
>] (./document.mw)
\openout3 = `document.mw'.


Underfull \hbox (badness 10000) in paragraph at lines 119--120

 []


Underfull \hbox (badness 10000) in paragraph at lines 120--121

 []


Underfull \hbox (badness 10000) in paragraph at lines 121--122

 []


Underfull \hbox (badness 10000) in paragraph at lines 122--123

 []

runsystem(dot -Tpdf -o 2.3(a).pdf 2.3(a).dot)...disabled (restricted).

<2.3(a).pdf, id=110, 243.91125pt x 114.4275pt>
File: 2.3(a).pdf Graphic file (type pdf)
<use 2.3(a).pdf>
Package pdftex.def Info: 2.3(a).pdf  used on input line 124.
(pdftex.def)             Requested size: 243.91064pt x 114.42722pt.
\dotfile=\write28
\openout3 = `2.3(a).dot'.

\openout3 = `document.mw'.

\openout3 = `document.mw'.

\openout3 = `2.3(a).dot'.


Underfull \hbox (badness 10000) in paragraph at lines 126--128

 []


Underfull \hbox (badness 10000) in paragraph at lines 128--129

 []


Underfull \hbox (badness 10000) in paragraph at lines 129--130

 []


Underfull \hbox (badness 10000) in paragraph at lines 130--131

 []


Underfull \hbox (badness 10000) in paragraph at lines 131--132

 []

runsystem(dot -Tpdf -o 2.3(b).pdf 2.3(b).dot)...disabled (restricted).

<2.3(b).pdf, id=111, 330.23375pt x 150.5625pt>
File: 2.3(b).pdf Graphic file (type pdf)
<use 2.3(b).pdf>
Package pdftex.def Info: 2.3(b).pdf  used on input line 133.
(pdftex.def)             Requested size: 330.23293pt x 150.56212pt.
\dotfile=\write29
\openout3 = `2.3(b).dot'.

\openout3 = `document.mw'.

\openout3 = `document.mw'.

\openout3 = `2.3(b).dot'.


Overfull \hbox (50.93292pt too wide) in paragraph at lines 132--134
[]
 []


Underfull \hbox (badness 10000) in paragraph at lines 132--134

 []

\openout3 = `document.mw'.

[6 <./2.3(a).pdf>] (./document.mw)
\openout3 = `document.mw'.


Underfull \hbox (badness 10000) in paragraph at lines 137--138

 []


Underfull \hbox (badness 10000) in paragraph at lines 138--139

 []


Underfull \hbox (badness 10000) in paragraph at lines 139--140

 []


Underfull \hbox (badness 10000) in paragraph at lines 140--141

 []


Underfull \hbox (badness 10000) in paragraph at lines 141--154

 []

runsystem(dot -Tpdf -o 2.3(c).pdf 2.3(c).dot)...disabled (restricted).

<2.3(c).pdf, id=123, 390.45876pt x 148.555pt>
File: 2.3(c).pdf Graphic file (type pdf)
<use 2.3(c).pdf>
Package pdftex.def Info: 2.3(c).pdf  used on input line 155.
(pdftex.def)             Requested size: 390.4578pt x 148.55463pt.
\dotfile=\write30
\openout3 = `2.3(c).dot'.

\openout3 = `document.mw'.

\openout3 = `document.mw'.

\openout3 = `2.3(c).dot'.


Overfull \hbox (92.45782pt too wide) in paragraph at lines 155--156
[] 
 []


Underfull \hbox (badness 10000) in paragraph at lines 156--160

 []

\openout3 = `document.mw'.

[7 <./2.3(b).pdf> <./2.3(c).pdf

pdfTeX warning: pdflatex.exe (file ./2.3(c).pdf): PDF inclusion: multiple pdfs 
with page group included in a single page
>] (./document.mw)
\openout3 = `document.mw'.


Underfull \hbox (badness 10000) in paragraph at lines 160--161

 []


Underfull \hbox (badness 10000) in paragraph at lines 161--162

 []


Underfull \hbox (badness 10000) in paragraph at lines 162--163

 []


Underfull \hbox (badness 10000) in paragraph at lines 163--164

 []

runsystem(dot -Tpdf -o 2.4.pdf 2.4.dot)...disabled (restricted).

<2.4.pdf, id=143, 390.45876pt x 342.27875pt>
File: 2.4.pdf Graphic file (type pdf)
<use 2.4.pdf>
Package pdftex.def Info: 2.4.pdf  used on input line 165.
(pdftex.def)             Requested size: 390.4578pt x 342.2779pt.
\dotfile=\write31
\openout3 = `2.4.dot'.

\openout3 = `document.mw'.

\openout3 = `document.mw'.

\openout3 = `2.4.dot'.


Overfull \hbox (111.15779pt too wide) in paragraph at lines 164--166
[]
 []


Underfull \hbox (badness 10000) in paragraph at lines 164--166

 []

runsystem(dot -Tpdf -o 2.5(a).pdf 2.5(a).dot)...disabled (restricted).

<2.5(a).pdf, id=144, 390.45876pt x 66.2475pt>
File: 2.5(a).pdf Graphic file (type pdf)
<use 2.5(a).pdf>
Package pdftex.def Info: 2.5(a).pdf  used on input line 169.
(pdftex.def)             Requested size: 390.4578pt x 66.24733pt.
\dotfile=\write32
\openout3 = `2.5(a).dot'.

\openout3 = `document.mw'.

\openout3 = `document.mw'.

\openout3 = `2.5(a).dot'.

runsystem(dot -Tpdf -o 2.4.pdf 2.4.dot)...disabled (restricted).

File: 2.4.pdf Graphic file (type pdf)
<use 2.4.pdf>
Package pdftex.def Info: 2.4.pdf  used on input line 171.
(pdftex.def)             Requested size: 390.4578pt x 342.2779pt.
\dotfile=\write33
\openout3 = `2.4.dot'.

\openout3 = `document.mw'.

\openout3 = `document.mw'.

\openout3 = `2.4.dot'.


Overfull \hbox (92.45782pt too wide) in paragraph at lines 167--173
[]
 []


Overfull \hbox (92.45782pt too wide) in paragraph at lines 167--173
[]
 []


Underfull \hbox (badness 10000) in paragraph at lines 167--173

 []

\openout3 = `document.mw'.

[8 <./2.4.pdf>] (./document.mw)
\openout3 = `document.mw'.


Underfull \hbox (badness 10000) in paragraph at lines 173--174

 []


Overfull \hbox (91.88089pt too wide) in paragraph at lines 174--175
[]$\OML/cmm/m/it/10 Q \OT1/cmr/m/n/10 = \OMS/cmsy/m/n/10 fh\OML/cmm/m/it/10 a[]
; b[]\OMS/cmsy/m/n/10 i\OML/cmm/m/it/10 ; \OMS/cmsy/m/n/10 h\OML/cmm/m/it/10 a[
]; b[]\OMS/cmsy/m/n/10 i\OML/cmm/m/it/10 ; \OMS/cmsy/m/n/10 h\OML/cmm/m/it/10 a
[]; b[]\OMS/cmsy/m/n/10 i\OML/cmm/m/it/10 ; \OMS/cmsy/m/n/10 h\OML/cmm/m/it/10 
a[]; b[]\OMS/cmsy/m/n/10 i\OML/cmm/m/it/10 ; \OMS/cmsy/m/n/10 h\OML/cmm/m/it/10
 a[]; b[]\OMS/cmsy/m/n/10 i\OML/cmm/m/it/10 ; \OMS/cmsy/m/n/10 h\OML/cmm/m/it/1
0 a[]; b[]\OMS/cmsy/m/n/10 i\OML/cmm/m/it/10 ; \OMS/cmsy/m/n/10 h\OML/cmm/m/it/
10 a[]; b[]\OMS/cmsy/m/n/10 i\OML/cmm/m/it/10 ; \OMS/cmsy/m/n/10 h\OML/cmm/m/it
/10 a[]; b[]\OMS/cmsy/m/n/10 i\OML/cmm/m/it/10 ; \OMS/cmsy/m/n/10 h\OML/cmm/m/i
t/10 a[]; b[]\OMS/cmsy/m/n/10 i h\OML/cmm/m/it/10 a[]; b[]\OMS/cmsy/m/n/10 i[] 

 []


Overfull \hbox (100.85854pt too wide) in paragraph at lines 174--175
\OMS/cmsy/m/n/10 h\OML/cmm/m/it/10 a[]; b[]\OMS/cmsy/m/n/10 i h\OML/cmm/m/it/10
 a[]; b[]\OMS/cmsy/m/n/10 i\OML/cmm/m/it/10 ; \OMS/cmsy/m/n/10 h\OML/cmm/m/it/1
0 a[]; b[]\OMS/cmsy/m/n/10 i\OML/cmm/m/it/10 ; \OMS/cmsy/m/n/10 h\OML/cmm/m/it/
10 a[]; b[]\OMS/cmsy/m/n/10 i\OML/cmm/m/it/10 ; \OMS/cmsy/m/n/10 h\OML/cmm/m/it
/10 a[]; b[]\OMS/cmsy/m/n/10 i\OML/cmm/m/it/10 ; \OMS/cmsy/m/n/10 h\OML/cmm/m/i
t/10 a[]; b[]\OMS/cmsy/m/n/10 i\OML/cmm/m/it/10 ; \OMS/cmsy/m/n/10 h\OML/cmm/m/
it/10 a[]; b[]\OMS/cmsy/m/n/10 i\OML/cmm/m/it/10 ; \OMS/cmsy/m/n/10 h\OML/cmm/m
/it/10 a[]; b[]\OMS/cmsy/m/n/10 i\OML/cmm/m/it/10 ; \OMS/cmsy/m/n/10 h\OML/cmm/
m/it/10 a[]; b[]\OMS/cmsy/m/n/10 i\OML/cmm/m/it/10 ; \OMS/cmsy/m/n/10 h\OML/cmm
/m/it/10 a[]; b[]\OMS/cmsy/m/n/10 i\OML/cmm/m/it/10 ; \OMS/cmsy/m/n/10 h\OML/cm
m/m/it/10 a[]; b[]\OMS/cmsy/m/n/10 i[] 
 []


Overfull \hbox (24.31454pt too wide) in paragraph at lines 174--175
\OMS/cmsy/m/n/10 h\OML/cmm/m/it/10 a[]; b[]\OMS/cmsy/m/n/10 i h\OML/cmm/m/it/10
 a[]; b[]\OMS/cmsy/m/n/10 i h\OML/cmm/m/it/10 a[]; b[]\OMS/cmsy/m/n/10 i\OML/cm
m/m/it/10 ; \OMS/cmsy/m/n/10 h\OML/cmm/m/it/10 a[]; b[]\OMS/cmsy/m/n/10 i\OML/c
mm/m/it/10 ; \OMS/cmsy/m/n/10 h\OML/cmm/m/it/10 a[]; b[]\OMS/cmsy/m/n/10 i\OML/
cmm/m/it/10 ; \OMS/cmsy/m/n/10 h\OML/cmm/m/it/10 a[]; b[]\OMS/cmsy/m/n/10 i h\O
ML/cmm/m/it/10 a[]; b[]\OMS/cmsy/m/n/10 i h\OML/cmm/m/it/10 a[]; b[]\OMS/cmsy/m
/n/10 i h\OML/cmm/m/it/10 a[]; b[]\OMS/cmsy/m/n/10 ig$ 
 []


Underfull \hbox (badness 10000) in paragraph at lines 174--175

 []


Underfull \hbox (badness 10000) in paragraph at lines 175--176

 []


Underfull \hbox (badness 10000) in paragraph at lines 176--177

 []

\openout3 = `document.mw'.

[9 <./2.5(a).pdf>] (./document.mw)
\openout3 = `document.mw'.

runsystem(dot -Tpdf -o 2.5(b).pdf 2.5(b).dot)...disabled (restricted).

<2.5(b).pdf, id=167, 390.45876pt x 131.49126pt>
File: 2.5(b).pdf Graphic file (type pdf)
<use 2.5(b).pdf>
Package pdftex.def Info: 2.5(b).pdf  used on input line 202.
(pdftex.def)             Requested size: 390.4578pt x 131.49092pt.
\dotfile=\write34
\openout3 = `2.5(b).dot'.

\openout3 = `document.mw'.

\openout3 = `document.mw'.

\openout3 = `2.5(b).dot'.


Overfull \hbox (111.15779pt too wide) in paragraph at lines 177--203
[]
 []


Underfull \hbox (badness 10000) in paragraph at lines 177--203

 []

runsystem(dot -Tpdf -o 3.1(a).pdf 3.1(a).dot)...disabled (restricted).

<3.1(a).pdf, id=168, 390.45876pt x 106.3975pt>
File: 3.1(a).pdf Graphic file (type pdf)
<use 3.1(a).pdf>
Package pdftex.def Info: 3.1(a).pdf  used on input line 209.
(pdftex.def)             Requested size: 390.4578pt x 106.39723pt.
\dotfile=\write35
\openout3 = `3.1(a).dot'.

\openout3 = `document.mw'.

\openout3 = `document.mw'.

\openout3 = `3.1(a).dot'.

runsystem(dot -Tpdf -o 3.1(b).pdf 3.1(b).dot)...disabled (restricted).

<3.1(b).pdf, id=169, 390.45876pt x 111.41624pt>
File: 3.1(b).pdf Graphic file (type pdf)
<use 3.1(b).pdf>
Package pdftex.def Info: 3.1(b).pdf  used on input line 221.
(pdftex.def)             Requested size: 390.4578pt x 111.41597pt.
\dotfile=\write36
\openout3 = `3.1(b).dot'.

\openout3 = `document.mw'.

\openout3 = `document.mw'.

\openout3 = `3.1(b).dot'.


Overfull \hbox (92.45782pt too wide) in paragraph at lines 207--222
[]
 []


Overfull \hbox (92.45782pt too wide) in paragraph at lines 207--222
[] 
 []

\openout3 = `document.mw'.

[10 <./2.5(b).pdf>] (./document.mw)
\openout3 = `document.mw'.

runsystem(dot -Tpdf -o 3.2(a).pdf 3.2(a).dot)...disabled (restricted).

<3.2(a).pdf, id=182, 390.45876pt x 224.84pt>
File: 3.2(a).pdf Graphic file (type pdf)
<use 3.2(a).pdf>
Package pdftex.def Info: 3.2(a).pdf  used on input line 224.
(pdftex.def)             Requested size: 390.4578pt x 224.83945pt.
\dotfile=\write37
\openout3 = `3.2(a).dot'.

\openout3 = `document.mw'.

\openout3 = `document.mw'.

\openout3 = `3.2(a).dot'.

runsystem(dot -Tpdf -o 3.2(b).pdf 3.2(b).dot)...disabled (restricted).

<3.2(b).pdf, id=183, 390.45876pt x 88.33pt>
File: 3.2(b).pdf Graphic file (type pdf)
<use 3.2(b).pdf>
Package pdftex.def Info: 3.2(b).pdf  used on input line 237.
(pdftex.def)             Requested size: 390.4578pt x 88.32977pt.
\dotfile=\write38
\openout3 = `3.2(b).dot'.

\openout3 = `document.mw'.

\openout3 = `document.mw'.

\openout3 = `3.2(b).dot'.


Overfull \hbox (92.45782pt too wide) in paragraph at lines 222--238
[]
 []


Overfull \hbox (92.45782pt too wide) in paragraph at lines 222--238
[] 
 []

\openout3 = `document.mw'.

[11 <./3.1(a).pdf> <./3.1(b).pdf

pdfTeX warning: pdflatex.exe (file ./3.1(b).pdf): PDF inclusion: multiple pdfs 
with page group included in a single page
>] (./document.mw)
\openout3 = `document.mw'.

runsystem(dot -Tpdf -o 3.3(a).pdf 3.3(a).dot)...disabled (restricted).

<3.3(a).pdf, id=209, 390.45876pt x 114.4275pt>
File: 3.3(a).pdf Graphic file (type pdf)
<use 3.3(a).pdf>
Package pdftex.def Info: 3.3(a).pdf  used on input line 240.
(pdftex.def)             Requested size: 390.4578pt x 114.42722pt.
\dotfile=\write39
\openout3 = `3.3(a).dot'.

\openout3 = `document.mw'.

\openout3 = `document.mw'.

\openout3 = `3.3(a).dot'.

runsystem(dot -Tpdf -o 3.3(b).pdf 3.3(b).dot)...disabled (restricted).

<3.3(b).pdf, id=210, 390.45876pt x 249.93375pt>
File: 3.3(b).pdf Graphic file (type pdf)
<use 3.3(b).pdf>
Package pdftex.def Info: 3.3(b).pdf  used on input line 256.
(pdftex.def)             Requested size: 390.4578pt x 249.93314pt.
\dotfile=\write40
\openout3 = `3.3(b).dot'.

\openout3 = `document.mw'.

\openout3 = `document.mw'.

\openout3 = `3.3(b).dot'.


Overfull \hbox (92.45782pt too wide) in paragraph at lines 238--257
[]
 []


Overfull \hbox (92.45782pt too wide) in paragraph at lines 238--257
[] 
 []

\openout3 = `document.mw'.

[12 <./3.2(a).pdf> <./3.2(b).pdf

pdfTeX warning: pdflatex.exe (file ./3.2(b).pdf): PDF inclusion: multiple pdfs 
with page group included in a single page
>] (./document.mw)
\openout3 = `document.mw'.

runsystem(dot -Tpdf -o 3.4(a).pdf 3.4(a).dot)...disabled (restricted).

<3.4(a).pdf, id=236, 390.45876pt x 254.9525pt>
File: 3.4(a).pdf Graphic file (type pdf)
<use 3.4(a).pdf>
Package pdftex.def Info: 3.4(a).pdf  used on input line 259.
(pdftex.def)             Requested size: 390.4578pt x 254.95186pt.
\dotfile=\write41
\openout3 = `3.4(a).dot'.

\openout3 = `document.mw'.

\openout3 = `document.mw'.

\openout3 = `3.4(a).dot'.

runsystem(dot -Tpdf -o 3.4(b).pdf 3.4(b).dot)...disabled (restricted).

<3.4(b).pdf, id=237, 390.45876pt x 160.6pt>
File: 3.4(b).pdf Graphic file (type pdf)
<use 3.4(b).pdf>
Package pdftex.def Info: 3.4(b).pdf  used on input line 272.
(pdftex.def)             Requested size: 390.4578pt x 160.5996pt.
\dotfile=\write42
\openout3 = `3.4(b).dot'.

\openout3 = `document.mw'.

\openout3 = `document.mw'.

\openout3 = `3.4(b).dot'.


Overfull \hbox (92.45782pt too wide) in paragraph at lines 257--273
[]
 []


Overfull \hbox (92.45782pt too wide) in paragraph at lines 257--273
[] 
 []

\openout3 = `document.mw'.

[13 <./3.3(a).pdf> <./3.3(b).pdf

pdfTeX warning: pdflatex.exe (file ./3.3(b).pdf): PDF inclusion: multiple pdfs 
with page group included in a single page
>] (./document.mw)
\openout3 = `document.mw'.

runsystem(dot -Tpdf -o 3.5(a).pdf 3.5(a).dot)...disabled (restricted).

<3.5(a).pdf, id=264, 390.45876pt x 120.45pt>
File: 3.5(a).pdf Graphic file (type pdf)
<use 3.5(a).pdf>
Package pdftex.def Info: 3.5(a).pdf  used on input line 275.
(pdftex.def)             Requested size: 390.4578pt x 120.44969pt.
\dotfile=\write43
\openout3 = `3.5(a).dot'.

\openout3 = `document.mw'.

\openout3 = `document.mw'.

\openout3 = `3.5(a).dot'.

runsystem(dot -Tpdf -o 3.5(b).pdf 3.5(b).dot)...disabled (restricted).

<3.5(b).pdf, id=265, 390.45876pt x 117.43875pt>
File: 3.5(b).pdf Graphic file (type pdf)
<use 3.5(b).pdf>
Package pdftex.def Info: 3.5(b).pdf  used on input line 278.
(pdftex.def)             Requested size: 390.4578pt x 117.43845pt.
\dotfile=\write44
\openout3 = `3.5(b).dot'.

\openout3 = `document.mw'.

\openout3 = `document.mw'.

\openout3 = `3.5(b).dot'.


Overfull \hbox (92.45782pt too wide) in paragraph at lines 273--279
[]
 []


Overfull \hbox (92.45782pt too wide) in paragraph at lines 273--279
[]
 []


Underfull \hbox (badness 10000) in paragraph at lines 273--279

 []

\openout3 = `document.mw'.

[14 <./3.4(a).pdf> <./3.4(b).pdf

pdfTeX warning: pdflatex.exe (file ./3.4(b).pdf): PDF inclusion: multiple pdfs 
with page group included in a single page
>] (./document.mw)
\openout3 = `document.mw'.

runsystem(dot -Tpdf -o 4.1.pdf 4.1.dot)...disabled (restricted).

<4.1.pdf, id=291, 390.45876pt x 190.7125pt>
File: 4.1.pdf Graphic file (type pdf)
<use 4.1.pdf>
Package pdftex.def Info: 4.1.pdf  used on input line 285.
(pdftex.def)             Requested size: 390.4578pt x 190.71202pt.
\dotfile=\write45
\openout3 = `4.1.dot'.

\openout3 = `document.mw'.

\openout3 = `document.mw'.

\openout3 = `4.1.dot'.


Underfull \hbox (badness 10000) in paragraph at lines 282--286

 []


Overfull \hbox (0.53935pt too wide) in paragraph at lines 282--286
\T2A/cmr/m/n/10 Данный язык ре-гу-ляр-ный, в до-ка-за-тель-ство это-му по-стро-
им ДКА
 []


Overfull \hbox (92.45782pt too wide) in paragraph at lines 282--286
[] 
 []

\openout3 = `document.mw'.

[15 <./3.5(a).pdf> <./3.5(b).pdf

pdfTeX warning: pdflatex.exe (file ./3.5(b).pdf): PDF inclusion: multiple pdfs 
with page group included in a single page
>] (./document.mw)
\openout3 = `document.mw'.



LaTeX Warning: Command \cyro invalid in math mode on input line 288.


LaTeX Warning: Command \cyrn invalid in math mode on input line 288.


LaTeX Warning: Command \cyro invalid in math mode on input line 288.

Missing character: There is no о in font cmr10!
Missing character: There is no н in font cmr10!
Missing character: There is no о in font cmr10!

Underfull \hbox (badness 10000) in paragraph at lines 286--289

 []


Overfull \hbox (71.98747pt too wide) in paragraph at lines 286--289
\OML/cmm/m/it/10 N; []x; y;  y \OT1/cmr/m/n/10 = \OML/cmm/m/it/10 b[]  \OT1/cmr
/m/n/10 =[]\OMS/cmsy/m/n/10 )  \OML/cmm/m/it/10 xy[]z[]k \OT1/cmr/m/n/10 =
 []


Underfull \hbox (badness 10000) in paragraph at lines 286--289

 []


Underfull \hbox (badness 10000) in paragraph at lines 289--292

 []


Overfull \hbox (72.9817pt too wide) in paragraph at lines 289--292
\OML/cmm/m/it/10 N; []x; y;  y \OT1/cmr/m/n/10 = \OML/cmm/m/it/10 a[]  \OT1/cmr
/m/n/10 =[]\OMS/cmsy/m/n/10 )  \OML/cmm/m/it/10 xy[]z[]k \OT1/cmr/m/n/10 =
 []


Underfull \hbox (badness 10000) in paragraph at lines 289--292

 []

runsystem(dot -Tpdf -o 4.4.pdf 4.4.dot)...disabled (restricted).

<4.4.pdf, id=317, 390.45876pt x 114.4275pt>
File: 4.4.pdf Graphic file (type pdf)
<use 4.4.pdf>
Package pdftex.def Info: 4.4.pdf  used on input line 295.
(pdftex.def)             Requested size: 390.4578pt x 114.42722pt.
\dotfile=\write46
\openout3 = `4.4.dot'.

\openout3 = `document.mw'.

\openout3 = `document.mw'.

\openout3 = `4.4.dot'.


Underfull \hbox (badness 10000) in paragraph at lines 292--296

 []


Overfull \hbox (0.53935pt too wide) in paragraph at lines 292--296
\T2A/cmr/m/n/10 Данный язык ре-гу-ляр-ный, в до-ка-за-тель-ство это-му по-стро-
им ДКА
 []


Overfull \hbox (92.45782pt too wide) in paragraph at lines 292--296
[] 
 []

\openout3 = `document.mw'.

[16 <./4.1.pdf>] (./document.mw)
\openout3 = `document.mw'.



LaTeX Warning: Command \cyro invalid in math mode on input line 298.


LaTeX Warning: Command \cyrn invalid in math mode on input line 298.


LaTeX Warning: Command \cyro invalid in math mode on input line 298.

Missing character: There is no о in font cmr10!
Missing character: There is no н in font cmr10!
Missing character: There is no о in font cmr10!

Underfull \hbox (badness 10000) in paragraph at lines 296--299

 []


Overfull \hbox (53.5034pt too wide) in paragraph at lines 296--299
\OML/cmm/m/it/10 b[]cb[];  \OMS/cmsy/m/n/10 2 []\OML/cmm/m/it/10 ; \OMS/cmsy/m/
n/10 j\OML/cmm/m/it/10 !\OMS/cmsy/m/n/10 j \OT1/cmr/m/n/10 = 2\OML/cmm/m/it/10 
n \OT1/cmr/m/n/10 + 1$\T2A/cmr/m/n/10 , так как в лем-ме $\OMS/cmsy/m/n/10 j\OM
L/cmm/m/it/10 xy\OMS/cmsy/m/n/10 j ^^T \OML/cmm/m/it/10 n; []x; y;  y \OT1/cmr/
m/n/10 =
 []


Underfull \hbox (badness 10000) in paragraph at lines 296--299

 []

\openout3 = `document.mw'.

[17 <./4.4.pdf>] (./document.mw)
\openout3 = `document.mw'.

 (./document.aux) ) 
Here is how much of TeX's memory you used:
 4450 strings out of 478276
 70243 string characters out of 5850489
 382476 words of memory out of 5000000
 22563 multiletter control sequences out of 15000+600000
 479080 words of font info for 50 fonts, out of 8000000 for 9000
 1141 hyphenation exceptions out of 8191
 55i,7n,63p,757b,452s stack positions out of 5000i,500n,10000p,200000b,80000s
{c:/texlive/2021/texmf-dist/fonts/enc/dvips/cm-super/cm-supe
r-ts1.enc}{c:/texlive/2021/texmf-dist/fonts/enc/dvips/cm-super/cm-super-t2a.enc
}<c:/texlive/2021/texmf-dist/fonts/type1/public/amsfonts/cm/cmex10.pfb><c:/texl
ive/2021/texmf-dist/fonts/type1/public/amsfonts/cm/cmmi10.pfb><c:/texlive/2021/
texmf-dist/fonts/type1/public/amsfonts/cm/cmmi12.pfb><c:/texlive/2021/texmf-dis
t/fonts/type1/public/amsfonts/cm/cmmi7.pfb><c:/texlive/2021/texmf-dist/fonts/ty
pe1/public/amsfonts/cm/cmmi8.pfb><c:/texlive/2021/texmf-dist/fonts/type1/public
/amsfonts/cm/cmr10.pfb><c:/texlive/2021/texmf-dist/fonts/type1/public/amsfonts/
cm/cmr12.pfb><c:/texlive/2021/texmf-dist/fonts/type1/public/amsfonts/cm/cmr7.pf
b><c:/texlive/2021/texmf-dist/fonts/type1/public/amsfonts/cm/cmr8.pfb><c:/texli
ve/2021/texmf-dist/fonts/type1/public/amsfonts/cm/cmsy10.pfb><c:/texlive/2021/t
exmf-dist/fonts/type1/public/amsfonts/cm/cmsy7.pfb><c:/texlive/2021/texmf-dist/
fonts/type1/public/amsfonts/cm/cmsy8.pfb><c:/texlive/2021/texmf-dist/fonts/type
1/public/cm-super/sfrm1000.pfb><c:/texlive/2021/texmf-dist/fonts/type1/public/c
m-super/sfrm1200.pfb><c:/texlive/2021/texmf-dist/fonts/type1/public/cm-super/sf
rm1440.pfb>
Output written on document.pdf (17 pages, 558647 bytes).
PDF statistics:
 409 PDF objects out of 1000 (max. 8388607)
 265 compressed objects within 3 object streams
 0 named destinations out of 1000 (max. 500000)
 136 words of extra memory for PDF output out of 10000 (max. 10000000)

